2024.09.20 12:56:36 INFO  Started: Metals version 1.3.5 in folders 'C:\Users\nrayan\Documents\VisualStudio2017\CS476_Fall2024' for client Visual Studio Code 1.93.1.
SLF4J(W): Class path contains multiple SLF4J providers.
SLF4J(W): Found provider [scribe.slf4j.ScribeServiceProvider@d1a95d2]
SLF4J(W): Found provider [ch.qos.logback.classic.spi.LogbackServiceProvider@4184a4ab]
SLF4J(W): See https://www.slf4j.org/codes.html#multiple_bindings for an explanation.
SLF4J(I): Actual provider is of type [scribe.slf4j.ScribeServiceProvider@d1a95d2]
2024.09.20 12:56:37 WARN  Flyway upgrade recommended: H2 2.3.230 is newer than this version of Flyway and support has not been tested. The latest supported version of H2 is 2.2.220.
2024.09.20 12:56:37 INFO  no build target found for C:\Users\nrayan\Documents\VisualStudio2017\CS476_Fall2024\src\main\scala\CrazyTypeExercises.scala. Using presentation compiler with project's scala-library version: 3.3.3
2024.09.20 12:56:39 INFO  no build target found for C:\Users\nrayan\Documents\VisualStudio2017\CS476_Fall2024\src\main\scala\ExperimentsWithFuncz.scala. Using presentation compiler with project's scala-library version: 3.3.3
2024.09.20 12:56:39 INFO  no build target found for C:\Users\nrayan\Documents\VisualStudio2017\CS476_Fall2024\src\main\scala\ExperimentsWithFuncz.scala. Using presentation compiler with project's scala-library version: 3.3.3
Sep 20, 2024 12:56:39 PM org.eclipse.lsp4j.jsonrpc.RemoteEndpoint handleCancellation
WARNING: Unmatched cancel notification for request id 11
Sep 20, 2024 12:56:39 PM org.eclipse.lsp4j.jsonrpc.RemoteEndpoint handleCancellation
WARNING: Unmatched cancel notification for request id 8
Sep 20, 2024 12:56:39 PM org.eclipse.lsp4j.jsonrpc.RemoteEndpoint handleCancellation
WARNING: Unmatched cancel notification for request id 9
2024.09.20 12:56:39 INFO  no build target found for C:\Users\nrayan\Documents\VisualStudio2017\CS476_Fall2024\src\main\scala\ExpressionCalc.scala. Using presentation compiler with project's scala-library version: 3.3.3
2024.09.20 12:56:39 INFO  no build target found for C:\Users\nrayan\Documents\VisualStudio2017\CS476_Fall2024\src\main\scala\ExpressionCalc.scala. Using presentation compiler with project's scala-library version: 3.3.3
2024.09.20 12:56:41 INFO  no build target found for C:\Users\nrayan\Documents\VisualStudio2017\CS476_Fall2024\src\main\scala\FirstObject.scala. Using presentation compiler with project's scala-library version: 3.3.3
2024.09.20 12:56:41 INFO  no build target found for C:\Users\nrayan\Documents\VisualStudio2017\CS476_Fall2024\src\main\scala\FirstObject.scala. Using presentation compiler with project's scala-library version: 3.3.3
2024.09.20 12:56:43 INFO  no build target found for C:\Users\nrayan\Documents\VisualStudio2017\CS476_Fall2024\src\main\scala\Functions.scala. Using presentation compiler with project's scala-library version: 3.3.3
2024.09.20 12:56:43 INFO  no build target found for C:\Users\nrayan\Documents\VisualStudio2017\CS476_Fall2024\src\main\scala\Functions.scala. Using presentation compiler with project's scala-library version: 3.3.3
2024.09.20 12:56:44 INFO  no build target found for C:\Users\nrayan\Documents\VisualStudio2017\CS476_Fall2024\src\main\scala\main.scala. Using presentation compiler with project's scala-library version: 3.3.3
2024.09.20 12:56:46 INFO  no build target found for C:\Users\nrayan\Documents\VisualStudio2017\CS476_Fall2024\src\main\scala\PeanoArith.scala. Using presentation compiler with project's scala-library version: 3.3.3
2024.09.20 12:56:46 INFO  no build target found for C:\Users\nrayan\Documents\VisualStudio2017\CS476_Fall2024\src\main\scala\PeanoArith.scala. Using presentation compiler with project's scala-library version: 3.3.3
2024.09.20 12:56:48 INFO  no build target found for C:\Users\nrayan\Documents\VisualStudio2017\CS476_Fall2024\src\main\scala\PeanoArith.scala. Using presentation compiler with project's scala-library version: 3.3.3
2024.09.20 12:58:14 INFO  running 'C:\Users\nrayan\AppData\Local\Coursier\cache\arc\https\github.com\adoptium\temurin17-binaries\releases\download\jdk-17%252B35\OpenJDK17-jdk_x64_windows_hotspot_17_35.zip\jdk-17+35\bin\java.exe -Djline.terminal=jline.UnsupportedTerminal -Dsbt.log.noformat=true -Dfile.encoding=UTF-8 -jar C:\Users\nrayan\AppData\Local\Temp\metals7872871204492415664\sbt-launch.jar -Dbloop.export-jar-classifiers=sources bloopInstall'
2024.09.20 12:58:14 ERROR [info] [launcher] getting org.scala-sbt sbt 1.10.1  (this may take some time)...
2024.09.20 12:58:19 INFO  [info] welcome to sbt 1.10.1 (Eclipse Adoptium Java 17)
2024.09.20 12:58:21 INFO  [info] loading settings for project cs476_fall2024-build-build from metals.sbt ...
2024.09.20 12:58:21 INFO  [info] loading project definition from C:\Users\nrayan\Documents\VisualStudio2017\CS476_Fall2024\project\project
2024.09.20 12:58:24 INFO  [info] loading settings for project cs476_fall2024-build from metals.sbt ...
2024.09.20 12:58:24 INFO  [info] loading project definition from C:\Users\nrayan\Documents\VisualStudio2017\CS476_Fall2024\project
2024.09.20 12:58:28 INFO  [success] Generated .bloop\cs476_fall2024-build.json
2024.09.20 12:58:28 INFO  [success] Total time: 4 s, completed Sep 20, 2024, 12:58:28 PM
2024.09.20 12:58:29 INFO  [info] loading settings for project root from build.sbt ...
2024.09.20 12:58:29 INFO  [info] set current project to Exercises (in build file:/C:/Users/nrayan/Documents/VisualStudio2017/CS476_Fall2024/)
2024.09.20 12:58:35 INFO  [success] Generated .bloop\root.json
2024.09.20 12:58:35 INFO  [success] Generated .bloop\root-test.json
2024.09.20 12:58:35 INFO  [success] Total time: 5 s, completed Sep 20, 2024, 12:58:35 PM
2024.09.20 12:58:35 INFO  time: ran 'sbt bloopInstall' in 20s
2024.09.20 12:58:35 INFO  Attempting to connect to the build server...
2024.09.20 12:58:35 INFO  tracing is disabled for protocol BSP, to enable tracing of incoming and outgoing JSON messages create an empty file at C:\Users\nrayan\Documents\VisualStudio2017\CS476_Fall2024\.metals\bsp.trace.json or C:\Users\nrayan\AppData\Local\scalameta\metals\cache\bsp.trace.json
2024.09.20 12:58:35 INFO  Attempting to connect to the build server...
2024.09.20 12:58:35 INFO  tracing is disabled for protocol BSP, to enable tracing of incoming and outgoing JSON messages create an empty file at C:\Users\nrayan\Documents\VisualStudio2017\CS476_Fall2024\project\.metals\bsp.trace.json or C:\Users\nrayan\AppData\Local\scalameta\metals\cache\bsp.trace.json
2024.09.20 12:58:35 INFO  time: Connected to build server in 0.28s
2024.09.20 12:58:35 INFO  Connected to Build server: Bloop v1.6.0
2024.09.20 12:58:35 INFO  running doctor check
2024.09.20 12:58:35 INFO  java targets: root, root-test, cs476_fall2024-build
2024.09.20 12:58:45 WARN  Flyway upgrade recommended: H2 2.3.230 is newer than this version of Flyway and support has not been tested. The latest supported version of H2 is 2.2.220.
2024.09.20 12:58:50 INFO  time: indexed workspace in 14s
2024.09.20 12:58:50 INFO  compiling root (7 scala sources)
2024.09.20 12:58:55 INFO  time: compiled root in 5.19s
2024.09.20 12:59:22 INFO  Shutting down server
2024.09.20 12:59:22 INFO  shutting down Metals
2024.09.20 12:59:22 INFO  Shut down connection with build server.
2024.09.20 12:59:22 INFO  Shut down connection with build server.
2024.09.20 12:59:22 INFO  Exiting server
